863
346 93 496
285 321 496
727 200 494
277 88 494
488 615 494
477 184 493
203 728 493
962 551 489
705 301 487
298 29 487
172 256 486
114 147 485
289 524 484
574 682 480
677 290 479
4 270 479
338 219 477
11 963 476
601 844 474
318 717 473
801 664 472
352 191 471
349 181 471
588 494 470
708 173 469
17 353 469
153 628 469
238 953 469
850 584 467
404 924 466
857 157 465
811 558 463
916 312 463
612 409 462
957 442 462
990 5 461
760 335 460
792 972 459
451 577 455
667 453 453
176 706 452
107 769 452
370 222 451
137 302 450
993 652 450
813 224 449
765 67 449
416 443 449
927 595 448
249 756 448
220 759 444
956 546 444
395 979 441
280 195 439
820 780 437
244 151 437
272 947 436
307 841 436
128 141 433
142 13 432
807 3 429
843 355 429
495 729 428
636 262 428
430 694 427
9 939 426
143 901 424
145 882 423
592 781 423
450 359 422
271 197 420
445 170 417
54 647 414
925 293 411
896 218 411
949 324 411
432 944 409
169 336 408
912 506 404
966 877 403
44 918 403
532 541 403
750 964 402
823 518 401
333 817 399
961 482 398
772 455 397
52 269 396
808 213 396
328 78 394
486 372 394
281 715 391
935 422 390
642 542 390
435 742 388
748 564 387
32 892 387
834 299 386
275 481 386
208 761 381
414 528 379
757 84 378
764 59 377
895 669 375
976 833 375
871 274 374
71 351 374
900 266 374
397 311 374
43 309 373
1 975 372
679 593 372
688 501 371
35 651 369
968 94 369
599 479 367
695 849 365
827 771 365
164 131 363
537 121 363
745 124 363
818 106 362
644 519 362
300 856 362
246 325 361
330 998 360
210 223 360
712 516 357
402 988 355
741 645 351
8 540 351
795 549 349
439 472 346
314 73 346
347 778 345
692 517 345
883 701 344
41 214 343
822 508 342
362 484 342
120 607 342
718 721 342
115 586 341
698 948 339
789 123 339
241 986 338
263 803 336
469 251 336
703 505 336
465 556 335
237 575 333
874 356 333
25 840 332
79 411 331
835 308 331
853 719 330
946 179 328
410 305 328
255 796 327
907 985 325
655 499 324
625 894 323
134 478 323
132 360 323
358 192 320
440 933 319
221 563 319
303 507 319
229 31 314
870 381 313
983 100 312
637 658 311
126 978 311
368 619 311
433 158 310
108 243 310
14 854 309
483 589 308
183 580 308
99 763 307
24 587 306
110 643 306
879 316 305
418 646 304
291 618 304
578 226 303
386 313 303
199 702 300
783 526 300
529 597 300
674 675 299
437 641 298
631 133 297
724 797 296
864 464 294
917 148 293
74 673 293
826 140 292
942 248 292
534 616 291
252 696 291
838 793 288
331 1000 288
261 903 287
733 886 287
624 919 287
538 323 286
566 177 285
638 384 285
396 726 284
812 295 283
431 154 280
267 640 279
736 22 279
292 845 278
297 412 278
375 193 277
550 732 275
374 937 275
714 657 274
814 880 271
377 634 270
600 182 269
766 920 266
327 413 266
576 858 263
357 149 261
922 684 260
747 490 260
739 632 260
380 591 256
774 888 255
687 109 255
974 239 255
561 926 253
740 614 251
283 630 248
492 514 248
190 345 245
970 800 245
831 791 245
16 909 244
112 38 242
204 898 241
752 34 241
245 629 241
938 12 240
383 846 238
485 523 238
868 686 235
385 560 232
954 421 232
306 68 231
746 869 229
55 339 227
18 138 223
911 579 222
530 457 220
146 394 217
824 500 217
913 554 216
367 428 215
201 117 214
809 885 211
525 509 211
663 582 210
98 650 208
102 851 208
207 86 208
61 873 207
361 950 206
707 235 206
37 168 205
282 113 205
417 379 205
878 810 204
90 865 201
103 202 200
136 371 197
782 480 193
36 788 193
205 716 192
754 2 191
215 738 191
348 559 191
150 678 191
653 449 190
127 890 190
802 122 189
504 135 188
212 20 188
493 429 187
475 825 186
161 958 185
319 254 184
522 670 184
613 690 183
598 92 182
767 441 181
881 62 181
119 570 180
296 815 180
539 952 179
934 23 178
116 510 178
344 165 176
967 186 175
459 860 174
166 393 174
26 101 172
861 49 172
398 872 172
685 260 171
423 832 171
965 848 170
583 77 169
47 672 169
572 206 168
969 568 166
621 723 165
28 709 164
391 58 164
899 779 164
209 786 162
95 175 161
562 639 159
467 521 159
893 420 158
33 354 158
69 392 156
294 829 156
233 48 155
887 666 155
654 955 154
502 875 147
40 144 146
405 178 146
468 236 145
897 816 144
547 337 143
378 276 143
910 662 142
693 923 141
448 904 140
15 373 139
366 159 139
852 211 139
454 605 139
401 427 138
19 545 138
80 676 135
389 855 135
198 867 135
859 711 135
567 627 134
635 704 133
996 45 133
51 489 130
863 602 130
790 64 129
426 971 128
369 7 127
364 533 126
994 691 125
403 847 124
930 751 124
743 152 123
53 425 120
819 945 119
91 992 117
334 680 116
60 862 115
304 387 115
10 941 115
713 921 113
535 512 111
70 230 109
671 785 108
27 342 106
57 531 105
21 30 105
273 734 105
991 163 104
498 466 104
363 768 103
725 649 101
633 608 101
89 668 100
399 951 99
606 461 98
710 943 96
699 156 95
265 382 95
730 604 92
977 406 91
376 775 89
620 609 88
242 278 87
749 617 86
762 187 86
286 434 83
914 905 83
87 50 81
735 85 80
936 66 80
227 513 79
581 697 79
611 194 79
167 456 77
787 497 77
626 258 75
928 503 74
569 573 74
596 594 70
665 174 70
487 610 68
424 408 67
407 329 65
932 125 65
473 622 63
836 683 63
253 776 63
39 737 62
902 326 61
806 332 59
96 661 57
799 415 57
460 511 56
65 603 56
160 794 54
906 770 51
681 268 51
83 320 51
997 118 50
798 830 50
491 264 50
891 689 50
659 805 49
350 75 48
42 889 48
773 987 47
216 915 47
527 565 47
648 111 46
279 982 45
259 185 41
452 180 39
232 458 38
496 317 35
97 419 35
444 462 35
515 390 34
231 753 34
731 225 34
973 6 34
755 553 33
722 989 32
196 557 32
228 436 31
959 981 31
46 837 31
700 56 31
758 960 30
804 104 28
470 720 28
585 340 28
784 217 28
895 931 28
623 438 27
695 82 27
764 866 27
871 571 26
234 940 26
966 590 26
439 716 26
976 480 26
757 2 26
71 738 26
44 788 25
543 284 25
599 559 25
912 471 25
414 678 25
900 449 24
314 371 24
35 890 24
750 885 24
532 365 24
333 660 24
1 839 23
397 202 22
536 171 22
52 650 21
741 188 21
795 117 21
925 865 21
347 428 21
129 582 21
54 554 21
43 851 21
208 509 20
968 950 20
281 394 20
432 500 20
169 446 20
808 552 20
823 168 19
692 810 19
961 873 19
949 777 19
688 162 19
822 235 18
362 135 18
807 113 18
772 86 18
896 122 18
8 379 18
827 341 17
41 287 17
999 20 17
818 457 17
474 744 17
328 138 17
164 463 17
280 429 17
400 408 16
656 50 16
679 254 16
445 690 16
115 579 16
128 958 16
537 317 16
120 85 16
980 434 15
495 594 15
145 339 15
748 419 15
745 373 15
843 329 15
142 825 15
486 610 15
883 923 15
884 441 15
698 670 15
395 92 15
220 617 14
402 125 14
592 622 14
450 531 14
718 30 14
176 683 14
143 180 14
644 101 14
636 904 14
275 662 14
271 337 14
435 905 14
32 342 14
834 676 14
430 276 14
272 187 13
63 62 13
789 144 13
107 159 13
667 984 13
137 734 13
307 869 13
935 390 13
642 661 13
9 458 13
370 174 13
820 816 13
712 322 13
300 278 13
469 211 13
244 462 13
250 66 13
263 697 12
813 178 12
956 855 12
330 775 12
451 753 12
246 503 12
993 393 12
465 165 12
241 605 12
765 952 12
210 186 12
72 23 12
927 236 12
249 860 12
703 185 12
811 867 12
416 332 12
983 609 12
612 785 12
237 875 12
850 427 12
229 513 12
404 163 12
708 425 11
349 326 11
916 570 11
857 737 11
338 533 11
25 268 11
588 815 11
352 68 11
11 75 11
440 320 11
358 260 11
870 545 11
801 225 11
835 118 11
318 230 11
792 6 11
17 510 11
79 971 11
601 194 11
637 776 11
874 258 11
946 560 11
221 770 11
153 421 11
625 573 11
655 686 10
853 7 10
4 872 10
677 388 10
990 553 10
574 77 10
238 511 10
760 848 10
520 989 10
957 627 10
907 49 10
134 945 10
255 415 10
410 805 10
303 602 10
132 461 10
139 406 9
114 456 9
289 436 9
76 830 9
705 489 8
172 64 8
298 711 8
821 649 8
126 847 7
962 862 7
346 603 7
483 751 6
727 951 6
433 832 6
81 264 6
285 604 6
315 992 6
277 668 6
14 704 6
220 466 5
183 768 5
843 689 5
400 691 5
656 512 5
370 497 5
450 608 5
63 981 5
430 345 5
820 557 5
307 709 5
884 152 5
956 720 5
935 521 5
834 987 5
451 104 5
395 680 5
745 175 5
143 786 5
477 206 5
667 921 5
24 288 5
108 837 5
644 672 5
592 982 5
368 639 5
495 45 5
107 794 5
275 568 5
883 876 5
240 56 5
642 630 5
813 779 5
263 58 5
272 156 5
145 915 5
32 514 5
712 960 5
137 565 5
789 387 5
435 846 5
402 929 5
9 48 5
330 111 5
445 555 5
879 889 5
271 523 5
748 723 5
246 12 5
486 382 5
679 392 5
718 898 5
176 943 5
698 591 5
980 38 5
142 955 5
636 791 5
814 941 4
128 800 4
474 829 4
488 257 4
41 420 4
465 340 4
418 909 4
210 310 4
120 217 4
765 666 4
110 34 4
896 888 4
300 629 4
199 109 4
377 354 4
250 614 4
772 447 4
993 981 4
72 689 4
807 931 4
328 608 4
822 345 4
818 466 4
999 557 4
99 768 4
537 438 4
280 691 4
164 512 4
241 497 4
827 926 3
469 751 3
244 672 3
115 684 3
362 832 3
766 639 3
638 104 3
927 866 3
703 704 3
291 288 3
578 847 3
249 982 3
949 152 3
688 921 3
961 571 3
208 82 3
538 45 3
692 794 3
708 604 3
8 837 3
25 248 3
352 568 3
857 720 3
548 206 3
566 668 3
261 951 3
968 175 3
588 140 3
281 476 3
338 148 3
823 987 3
11 786 3
544 709 3
916 680 3
838 149 3
349 264 3
203 521 3
155 992 3
811 490 2
983 58 2
600 649 2
550 2 2
792 723 2
52 56 2
637 716 2
386 387 2
801 489 2
925 788 2
237 630 2
990 829 2
741 239 2
267 514 2
677 876 2
432 523 2
850 940 2
795 156 2
396 632 2
416 915 2
4 111 2
835 64 2
358 284 2
870 559 2
808 711 2
238 464 2
397 846 2
17 48 2
812 941 2
736 960 2
733 889 2
318 603 2
331 555 2
536 862 2
874 247 2
347 590 2
43 673 2
760 565 2
79 105 2
54 779 2
431 858 2
612 130 2
169 420 2
655 800 2
440 929 2
229 340 2
574 480 2
129 257 2
624 678 1
853 909 1
404 189 1
601 436 1
624 310 1
520 34 1
297 629 1
714 382 1
811 109 1
292 898 1
631 738 1
115 406 1
957 217 1
1 943 1
469 354 1
221 471 1
375 955 1
244 38 1
827 888 1
134 392 1
946 696 1
601 791 1
853 12 1
404 616 1
625 614 1
255 449 1
362 591 1
783 666 1
153 447 1
907 830 1
529 456 1
